[25-Oct-2022 21:42:09] NOTICE: fpm is running, pid 1308
[25-Oct-2022 21:42:09] NOTICE: ready to handle connections
[26-Oct-2022 09:25:54] NOTICE: Terminating ...
[26-Oct-2022 09:25:54] NOTICE: Terminating ...
[26-Oct-2022 09:25:54] NOTICE: exiting, bye-bye!
[26-Oct-2022 12:27:22] NOTICE: fpm is running, pid 3062
[26-Oct-2022 12:27:22] NOTICE: ready to handle connections
[27-Oct-2022 09:07:13] NOTICE: Terminating ...
[27-Oct-2022 09:07:13] NOTICE: Terminating ...
[27-Oct-2022 09:07:13] NOTICE: exiting, bye-bye!
[27-Oct-2022 14:35:05] NOTICE: fpm is running, pid 11075
[27-Oct-2022 14:35:05] NOTICE: ready to handle connections
[28-Oct-2022 10:47:56] NOTICE: Terminating ...
[28-Oct-2022 10:47:56] NOTICE: Terminating ...
[28-Oct-2022 10:47:56] NOTICE: exiting, bye-bye!
[28-Oct-2022 18:49:26] NOTICE: fpm is running, pid 15491
[28-Oct-2022 18:49:26] NOTICE: ready to handle connections
[01-Nov-2022 14:58:05] NOTICE: Terminating ...
[01-Nov-2022 14:58:05] NOTICE: Terminating ...
[01-Nov-2022 14:58:05] NOTICE: exiting, bye-bye!
[01-Nov-2022 19:45:13] NOTICE: fpm is running, pid 31827
[01-Nov-2022 19:45:13] NOTICE: ready to handle connections
[03-Nov-2022 09:13:21] NOTICE: Terminating ...
[03-Nov-2022 09:13:21] NOTICE: Terminating ...
[03-Nov-2022 09:13:21] NOTICE: exiting, bye-bye!
[06-Dec-2022 09:34:00] NOTICE: fpm is running, pid 91843
[06-Dec-2022 09:34:00] NOTICE: ready to handle connections
